app/build/intermediates/manifest_merge_blame_file/debug/manifest-merger-blame-debug-report.txt
1<?xml version="1.0" encoding="utf-8"?>
2<manifest xmlns:android="http://schemas.android.com/apk/res/android"
3    package="com.example.housemate"
4    android:versionCode="1"
5    android:versionName="1.0" >
6
7    <uses-sdk
8        android:minSdkVersion="16"
8-->src/main/AndroidManifest.xml
9        android:targetSdkVersion="30" />
9-->src/main/AndroidManifest.xml
10
11    <uses-permission android:name="android.permission.INTERNET" />
11-->src/main/AndroidManifest.xml:5:5-67
11-->src/main/AndroidManifest.xml:5:22-64
12    <uses-permission android:name="android.permission.ACCESS_NETWORK_STATE" />
12-->[com.google.firebase:firebase-auth:20.0.3] AndroidManifest.xml:24:5-79
12-->[com.google.firebase:firebase-auth:20.0.3] AndroidManifest.xml:24:22-76
13
14    <application
14-->src/main/AndroidManifest.xml:7:5-32:19
15        android:name="androidx.multidex.MultiDexApplication"
16        android:allowBackup="true"
16-->src/main/AndroidManifest.xml:8:9-35
17        android:appComponentFactory="androidx.core.app.CoreComponentFactory"
17-->[androidx.core:core:1.3.1] AndroidManifest.xml:24:18-86
18        android:debuggable="true"
19        android:fullBackupContent="true"
19-->src/main/AndroidManifest.xml:9:9-41
20        android:icon="@mipmap/ic_launcher"
20-->src/main/AndroidManifest.xml:10:9-43
21        android:label="@string/app_name"
21-->src/main/AndroidManifest.xml:11:9-41
22        android:roundIcon="@mipmap/ic_launcher_round"
22-->src/main/AndroidManifest.xml:12:9-54
23        android:supportsRtl="true"
23-->src/main/AndroidManifest.xml:13:9-35
24        android:testOnly="true"
25        android:theme="@style/Theme.Housemate" >
25-->src/main/AndroidManifest.xml:14:9-47
26        <activity android:name="com.example.housemate.ChoresActivity" />
26-->src/main/AndroidManifest.xml:15:9-51
26-->src/main/AndroidManifest.xml:15:19-49
27        <activity android:name="com.example.housemate.SuccessActivity" />
27-->src/main/AndroidManifest.xml:16:9-53
27-->src/main/AndroidManifest.xml:16:19-50
28        <activity android:name="com.example.housemate.HomeActivity" />
28-->src/main/AndroidManifest.xml:17:9-50
28-->src/main/AndroidManifest.xml:17:19-47
29        <activity android:name="com.example.housemate.FamilyActivity" />
29-->src/main/AndroidManifest.xml:18:9-52
29-->src/main/AndroidManifest.xml:18:19-49
30        <activity android:name="com.example.housemate.SignUpActivity" />
30-->src/main/AndroidManifest.xml:19:9-52
30-->src/main/AndroidManifest.xml:19:19-49
31        <activity android:name="com.example.housemate.BillsActivity" />
31-->src/main/AndroidManifest.xml:20:9-51
31-->src/main/AndroidManifest.xml:20:19-48
32        <activity android:name="com.example.housemate.LoginActivity" >
32-->src/main/AndroidManifest.xml:21:9-27:20
32-->src/main/AndroidManifest.xml:21:19-48
33            <intent-filter>
33-->src/main/AndroidManifest.xml:22:13-26:29
34                <action android:name="android.intent.action.MAIN" />
34-->src/main/AndroidManifest.xml:23:17-69
34-->src/main/AndroidManifest.xml:23:25-66
35
36                <category android:name="android.intent.category.LAUNCHER" />
36-->src/main/AndroidManifest.xml:25:17-77
36-->src/main/AndroidManifest.xml:25:27-74
37            </intent-filter>
38        </activity>
39
40        <meta-data
40-->src/main/AndroidManifest.xml:29:9-31:57
41            android:name="preloaded_fonts"
41-->src/main/AndroidManifest.xml:30:13-43
42            android:resource="@array/preloaded_fonts" />
42-->src/main/AndroidManifest.xml:31:13-54
43
44        <activity
44-->[com.google.firebase:firebase-auth:20.0.3] AndroidManifest.xml:27:9-44:20
45            android:name="com.google.firebase.auth.internal.GenericIdpActivity"
45-->[com.google.firebase:firebase-auth:20.0.3] AndroidManifest.xml:28:13-80
46            android:excludeFromRecents="true"
46-->[com.google.firebase:firebase-auth:20.0.3] AndroidManifest.xml:29:13-46
47            android:exported="true"
47-->[com.google.firebase:firebase-auth:20.0.3] AndroidManifest.xml:30:13-36
48            android:launchMode="singleTask"
48-->[com.google.firebase:firebase-auth:20.0.3] AndroidManifest.xml:31:13-44
49            android:theme="@android:style/Theme.Translucent.NoTitleBar" >
49-->[com.google.firebase:firebase-auth:20.0.3] AndroidManifest.xml:32:13-72
50            <intent-filter>
50-->[com.google.firebase:firebase-auth:20.0.3] AndroidManifest.xml:33:13-43:29
51                <action android:name="android.intent.action.VIEW" />
51-->[com.google.firebase:firebase-auth:20.0.3] AndroidManifest.xml:34:17-69
51-->[com.google.firebase:firebase-auth:20.0.3] AndroidManifest.xml:34:25-66
52
53                <category android:name="android.intent.category.DEFAULT" />
53-->[com.google.firebase:firebase-auth:20.0.3] AndroidManifest.xml:36:17-76
53-->[com.google.firebase:firebase-auth:20.0.3] AndroidManifest.xml:36:27-73
54                <category android:name="android.intent.category.BROWSABLE" />
54-->[com.google.firebase:firebase-auth:20.0.3] AndroidManifest.xml:37:17-78
54-->[com.google.firebase:firebase-auth:20.0.3] AndroidManifest.xml:37:27-75
55
56                <data
56-->[com.google.firebase:firebase-auth:20.0.3] AndroidManifest.xml:39:17-42:51
57                    android:host="firebase.auth"
57-->[com.google.firebase:firebase-auth:20.0.3] AndroidManifest.xml:40:21-49
58                    android:path="/"
58-->[com.google.firebase:firebase-auth:20.0.3] AndroidManifest.xml:41:21-37
59                    android:scheme="genericidp" />
59-->[com.google.firebase:firebase-auth:20.0.3] AndroidManifest.xml:42:21-48
60            </intent-filter>
61        </activity>
62        <activity
62-->[com.google.firebase:firebase-auth:20.0.3] AndroidManifest.xml:45:9-62:20
63            android:name="com.google.firebase.auth.internal.RecaptchaActivity"
63-->[com.google.firebase:firebase-auth:20.0.3] AndroidManifest.xml:46:13-79
64            android:excludeFromRecents="true"
64-->[com.google.firebase:firebase-auth:20.0.3] AndroidManifest.xml:47:13-46
65            android:exported="true"
65-->[com.google.firebase:firebase-auth:20.0.3] AndroidManifest.xml:48:13-36
66            android:launchMode="singleTask"
66-->[com.google.firebase:firebase-auth:20.0.3] AndroidManifest.xml:49:13-44
67            android:theme="@android:style/Theme.Translucent.NoTitleBar" >
67-->[com.google.firebase:firebase-auth:20.0.3] AndroidManifest.xml:50:13-72
68            <intent-filter>
68-->[com.google.firebase:firebase-auth:20.0.3] AndroidManifest.xml:51:13-61:29
69                <action android:name="android.intent.action.VIEW" />
69-->[com.google.firebase:firebase-auth:20.0.3] AndroidManifest.xml:34:17-69
69-->[com.google.firebase:firebase-auth:20.0.3] AndroidManifest.xml:34:25-66
70
71                <category android:name="android.intent.category.DEFAULT" />
71-->[com.google.firebase:firebase-auth:20.0.3] AndroidManifest.xml:36:17-76
71-->[com.google.firebase:firebase-auth:20.0.3] AndroidManifest.xml:36:27-73
72                <category android:name="android.intent.category.BROWSABLE" />
72-->[com.google.firebase:firebase-auth:20.0.3] AndroidManifest.xml:37:17-78
72-->[com.google.firebase:firebase-auth:20.0.3] AndroidManifest.xml:37:27-75
73
74                <data
74-->[com.google.firebase:firebase-auth:20.0.3] AndroidManifest.xml:39:17-42:51
75                    android:host="firebase.auth"
75-->[com.google.firebase:firebase-auth:20.0.3] AndroidManifest.xml:40:21-49
76                    android:path="/"
76-->[com.google.firebase:firebase-auth:20.0.3] AndroidManifest.xml:41:21-37
77                    android:scheme="recaptcha" />
77-->[com.google.firebase:firebase-auth:20.0.3] AndroidManifest.xml:42:21-48
78            </intent-filter>
79        </activity>
80
81        <service
81-->[com.google.firebase:firebase-auth:20.0.3] AndroidManifest.xml:64:9-73:19
82            android:name="com.google.firebase.auth.api.fallback.service.FirebaseAuthFallbackService"
82-->[com.google.firebase:firebase-auth:20.0.3] AndroidManifest.xml:65:13-101
83            android:enabled="true"
83-->[com.google.firebase:firebase-auth:20.0.3] AndroidManifest.xml:66:13-35
84            android:exported="false" >
84-->[com.google.firebase:firebase-auth:20.0.3] AndroidManifest.xml:67:13-37
85            <intent-filter>
85-->[com.google.firebase:firebase-auth:20.0.3] AndroidManifest.xml:68:13-72:29
86                <action android:name="com.google.firebase.auth.api.gms.service.START" />
86-->[com.google.firebase:firebase-auth:20.0.3] AndroidManifest.xml:69:17-89
86-->[com.google.firebase:firebase-auth:20.0.3] AndroidManifest.xml:69:25-86
87
88                <category android:name="android.intent.category.DEFAULT" />
88-->[com.google.firebase:firebase-auth:20.0.3] AndroidManifest.xml:36:17-76
88-->[com.google.firebase:firebase-auth:20.0.3] AndroidManifest.xml:36:27-73
89            </intent-filter>
90        </service>
91        <service
91-->[com.google.firebase:firebase-auth:20.0.3] AndroidManifest.xml:74:9-80:19
92            android:name="com.google.firebase.components.ComponentDiscoveryService"
92-->[com.google.firebase:firebase-auth:20.0.3] AndroidManifest.xml:75:13-84
93            android:directBootAware="true"
93-->[com.google.firebase:firebase-common:19.5.0] AndroidManifest.xml:35:13-43
94            android:exported="false" >
94-->[com.google.firebase:firebase-auth:20.0.3] AndroidManifest.xml:76:13-37
95            <meta-data
95-->[com.google.firebase:firebase-auth:20.0.3] AndroidManifest.xml:77:13-79:85
96                android:name="com.google.firebase.components:com.google.firebase.auth.FirebaseAuthRegistrar"
96-->[com.google.firebase:firebase-auth:20.0.3] AndroidManifest.xml:78:17-109
97                android:value="com.google.firebase.components.ComponentRegistrar" />
97-->[com.google.firebase:firebase-auth:20.0.3] AndroidManifest.xml:79:17-82
98            <meta-data
98-->[com.google.firebase:firebase-database:19.7.0] AndroidManifest.xml:32:13-34:85
99                android:name="com.google.firebase.components:com.google.firebase.database.DatabaseRegistrar"
99-->[com.google.firebase:firebase-database:19.7.0] AndroidManifest.xml:33:17-109
100                android:value="com.google.firebase.components.ComponentRegistrar" />
100-->[com.google.firebase:firebase-database:19.7.0] AndroidManifest.xml:34:17-82
101            <meta-data
101-->[com.google.firebase:firebase-firestore:22.1.1] AndroidManifest.xml:20:13-22:85
102                android:name="com.google.firebase.components:com.google.firebase.firestore.FirestoreRegistrar"
102-->[com.google.firebase:firebase-firestore:22.1.1] AndroidManifest.xml:21:17-111
103                android:value="com.google.firebase.components.ComponentRegistrar" />
103-->[com.google.firebase:firebase-firestore:22.1.1] AndroidManifest.xml:22:17-82
104            <!--
105                This registrar is not defined in the dynamic-module-support sdk itself to allow non-firebase
106                clients to use it as well, by defining this registrar in their own core/common library.
107            -->
108            <meta-data
108-->[com.google.firebase:firebase-common:19.5.0] AndroidManifest.xml:43:13-45:85
109                android:name="com.google.firebase.components:com.google.firebase.dynamicloading.DynamicLoadingRegistrar"
109-->[com.google.firebase:firebase-common:19.5.0] AndroidManifest.xml:44:17-121
110                android:value="com.google.firebase.components.ComponentRegistrar" />
110-->[com.google.firebase:firebase-common:19.5.0] AndroidManifest.xml:45:17-82
111        </service>
112
113        <activity
113-->[com.google.android.gms:play-services-base:17.1.0] AndroidManifest.xml:23:9-26:75
114            android:name="com.google.android.gms.common.api.GoogleApiActivity"
114-->[com.google.android.gms:play-services-base:17.1.0] AndroidManifest.xml:24:13-79
115            android:exported="false"
115-->[com.google.android.gms:play-services-base:17.1.0] AndroidManifest.xml:25:13-37
116            android:theme="@android:style/Theme.Translucent.NoTitleBar" />
116-->[com.google.android.gms:play-services-base:17.1.0] AndroidManifest.xml:26:13-72
117
118        <provider
118-->[com.google.firebase:firebase-common:19.5.0] AndroidManifest.xml:26:9-31:39
119            android:name="com.google.firebase.provider.FirebaseInitProvider"
119-->[com.google.firebase:firebase-common:19.5.0] AndroidManifest.xml:27:13-77
120            android:authorities="com.example.housemate.firebaseinitprovider"
120-->[com.google.firebase:firebase-common:19.5.0] AndroidManifest.xml:28:13-72
121            android:directBootAware="true"
121-->[com.google.firebase:firebase-common:19.5.0] AndroidManifest.xml:29:13-43
122            android:exported="false"
122-->[com.google.firebase:firebase-common:19.5.0] AndroidManifest.xml:30:13-37
123            android:initOrder="100" />
123-->[com.google.firebase:firebase-common:19.5.0] AndroidManifest.xml:31:13-36
124
125        <meta-data
125-->[com.google.android.gms:play-services-basement:17.1.0] AndroidManifest.xml:23:9-25:69
126            android:name="com.google.android.gms.version"
126-->[com.google.android.gms:play-services-basement:17.1.0] AndroidManifest.xml:24:13-58
127            android:value="@integer/google_play_services_version" />
127-->[com.google.android.gms:play-services-basement:17.1.0] AndroidManifest.xml:25:13-66
128    </application>
129
130</manifest>